<!DOCTYPE html>
<html>
<head>

<meta http-equiv="Content-Type" content="text/html; charset=UTF-8" />

<script src="js/jquery.min.js"></script>
<script src="js/jquery.tablesorter.min.js"></script>
<script src="js/Chart.min.js"></script>
<script src="js/moment.min.js"></script>
<script src="js/bootstrap.min.js"></script>

<link rel="stylesheet" href="css/bootstrap.min.css" type="text/css"/>
<link rel="stylesheet" href="css/cucumber.css" type="text/css"/>
<link rel="stylesheet" href="css/font-awesome.min.css"/>
<link rel="shortcut icon" href="images/favicon.png"/>

<script>
$(document).ready(function() {
    // this will tell tablesorter to try looking for the data-value attribute
    // if present, it'll sort by that instead
    // otherwise, it'll sort by the text content of the table cell
    $("#tablesorter").tablesorter({
        textAttribute: 'data-value',
        // ignores the first row of the header, the 'scenario', 'steps', since
        // sorting those doesn't make sense
        selectorHeaders: '> thead tr:not(.dont-sort) th',
        // use a stable sort
        sortStable: true
    });
});
</script>











<title>Cucumber Reports  - Tag: @gobi</title>

</head>
<body>

<nav class="navbar navbar-default navbar-fixed-top" id="navigation">
  <div class="container-fluid">
    <div class="collapse navbar-collapse">
      <p class="navbar-text navbar-left">Cucumber Report</p>
      <ul class="nav navbar-nav navbar-right">
        <li role="presentation" ><a href="overview-features.html">Features</a></li>
        <li role="presentation" ><a href="overview-tags.html">Tags</a></li>
        <li role="presentation" ><a href="overview-steps.html">Steps</a></li>
        <li role="presentation" ><a href="overview-failures.html">Failures</a></li>
      </ul>
    </div>
  </div>
</nav>


<div class="container-fluid">
  <div class="col-md-5 col-md-offset-1">

<table class="table table-bordered" id="build-info">
  <thead>
    <tr>
      <th>Project</th>
      <th>Date</th>
    </tr>
  </thead>
  <tbody>
    <tr class="info">
      <td>adactin</td>
      <td>28 Jun 2021, 14:11</td>
    </tr>
  </tbody>
</table>

  </div>
  <div class="col-md-3 col-md-offset-2">
  </div>
</div>


<div id="report-lead" class="container-fluid">
  <div class="col-md-10 col-md-offset-1">
    <h2>Tag Report</h2>
  </div>
</div>


<div class="container-fluid" id="report">
  <div class="row">
    <div class="col-md-10 col-md-offset-1">
      <table class="stats-table">


<thead>
  <tr class="header dont-sort">
      <th></th>
    <th colspan="6">Steps</th>
    <th colspan="3">Scenarios</th>
    <th colspan="2">Features</th>
  </tr>
  <tr>
    <th>Tag</th>
    <th class="passed">Passed</th>
    <th class="failed">Failed</th>
    <th class="skipped">Skipped</th>
    <th class="pending">Pending</th>
    <th class="undefined">Undefined</th>
    <th class="total">Total</th>

    <th class="passed">Passed</th>
    <th class="failed">Failed</th>
    <th class="total">Total</th>

    <th>Duration</th>
    <th>Status</th>
  </tr>
</thead>


        <tbody>
        <tr>
          <td class="tagname">@gobi</td>
          <td      class="passed"    >104</td>
          <td      class="failed"    >13</td>
          <td >0</td>
          <td >0</td>
          <td >0</td>
          <td class="total">117</td>

          <td >0</td>
          <td  class="failed"    >13</td>
          <td class="total">13</td>

          <td class="duration" data-value="139283523000">2:19.283</td>
          <td class="failed">Failed</td>
        </tr>
        </tbody>

      </table>
    </div>
  </div>
</div>



<div class="container-fluid">
  <div class="row">
    <div class="col-md-1 col-md-offset-10">
      <i class="fa fa-chevron-circle-down fa-2x collapsable-control"
        onClick="javascript:$('#report .collapsable-details').collapse('show')"></i>
      <i class="fa fa-chevron-circle-up fa-2x collapsable-control"
        onClick="javascript:$('#report .collapsable-details').collapse('hide')"></i>
    </div>
  </div>
</div>


<div class="container-fluid" id="report">
  <div class="row">
    <div class="col-md-10 col-md-offset-1">
      <div class="elements">


<div class="element">
    <div class="indention">
      <b>Feature:</b>
      <a href="report-feature_4142325911.html">Validating Booking Function of adactin Application</a>
    </div>


<div class="tags indention">
    <b>Tags:</b>
       <a href="report-tag_2209767278.html">@gobi</a>
       <a href="report-tag_2059756147.html">@data=TC_1</a>
</div>


  <span class="lead-duration duration">17.789</span>


  <span data-toggle="collapse" class=" collapsable-control" data-target="#element-1">

<div class="brief failed">
  <span class="keyword indention">Scenario Outline</span>
  <span class="name">Validating the booking module in adactin Hotels page</span>


     <i class="chevron fa fa-fw"></i>
</div>

  </span>
  <div class="description indention"></div>

  <div id="element-1" class="collapse collapsable-details  in ">





<div class="steps inner-level">
  <div data-toggle="collapse" class=" collapsable-control" data-target="#steps-2">

<div class="brief failed">
  <span class="keyword indention">Steps</span>
  <span class="name"></span>


     <i class="chevron fa fa-fw"></i>
</div>

  </div>

  <div id="steps-2" class="inner-level collapse collapsable-details  in ">
      <div class="step">


<div class="brief step-name-Given passed">
  <span class="keyword indention">Given</span>
  <span class="name">User is on adactin login page</span>

  <span class="lead-duration duration">7.176</span>

</div>
















      </div>
      <div class="step">


<div class="brief step-name-When passed">
  <span class="keyword indention">When</span>
  <span class="name">User entering the Username <span class="argument">&quot;gobinathm&quot;</span> and <span class="argument">&quot;@Gobi61995&quot;</span></span>

  <span class="lead-duration duration">0.351</span>

</div>
















      </div>
      <div class="step">


<div class="brief step-name-And passed">
  <span class="keyword indention">And</span>
  <span class="name">User clicks on Login button</span>

  <span class="lead-duration duration">0.816</span>

</div>
















      </div>
      <div class="step">


<div class="brief step-name-When passed">
  <span class="keyword indention">When</span>
  <span class="name">User enters Location <span class="argument">&quot;Paris&quot;</span> and Hotel <span class="argument">&quot;Hotel Cornice&quot;</span> and Room Type <span class="argument">&quot;Super Deluxe&quot;</span> and Number of Rooms<span class="argument">&quot;2&quot;</span> and CheckIn <span class="argument">&quot;13/05/2021&quot;</span> and CheckOut<span class="argument">&quot;15/05/2021&quot;</span> and Adult<span class="argument">&quot;1 - One&quot;</span> and Child <span class="argument">&quot;0 - None&quot;</span></span>

  <span class="lead-duration duration">1.350</span>

</div>
















      </div>
      <div class="step">


<div class="brief step-name-And passed">
  <span class="keyword indention">And</span>
  <span class="name">User clicks on Submit button</span>

  <span class="lead-duration duration">0.590</span>

</div>
















      </div>
      <div class="step">


<div class="brief step-name-And passed">
  <span class="keyword indention">And</span>
  <span class="name">User clicks on Radio button</span>

  <span class="lead-duration duration">0.719</span>

</div>
















      </div>
      <div class="step">


<div class="brief step-name-When passed">
  <span class="keyword indention">When</span>
  <span class="name">User enters FirstName<span class="argument">&quot;Jack&quot;</span> and LaseName<span class="argument">&quot;Daniels&quot;</span> and Address<span class="argument">&quot;HongKong&quot;</span> and CreditCardNum<span class="argument">&quot;1234567898765432&quot;</span> and CreditCardType<span class="argument">&quot;VISA&quot;</span> and ExpMnth<span class="argument">&quot;January&quot;</span> and ExpYear<span class="argument">&quot;2022&quot;</span> and Cvv<span class="argument">&quot;234&quot;</span></span>

  <span class="lead-duration duration">1.193</span>

</div>
















      </div>
      <div class="step">


<div class="brief step-name-And passed">
  <span class="keyword indention">And</span>
  <span class="name">User clicks on BookNow button</span>

  <span class="lead-duration duration">0.101</span>

</div>
















      </div>
      <div class="step">


<div class="brief step-name-Then failed">
  <span class="keyword indention">Then</span>
  <span class="name">User need to validate the booking number</span>

  <span class="lead-duration duration">5.490</span>

</div>






  <div class="inner-level">
    <div class="message indention">
      <div data-toggle="collapse" class=" collapsable-control" data-target="#msg-3">
          <a>java.lang.AssertionError:</a>
      </div>
      <div id="msg-3" class="collapse collapsable-details  in ">
        <pre>java.lang.AssertionError: expected [012345] but found [SWZG6Y2L8K]
	at org.testng.Assert.fail(Assert.java:96)
	at org.testng.Assert.failNotEquals(Assert.java:776)
	at org.testng.Assert.assertEqualsImpl(Assert.java:137)
	at org.testng.Assert.assertEquals(Assert.java:118)
	at org.testng.Assert.assertEquals(Assert.java:453)
	at org.testng.Assert.assertEquals(Assert.java:463)
	at org.stepdef.StepDefinition.user_need_to_validate_the_booking_number(StepDefinition.java:79)
	at &#10045;.User need to validate the booking number(src/main/resources/feature1.feature:14)
</pre>
      </div>
    </div>
  </div>











      </div>
  </div>
</div>





  </div>
</div>


<div class="element">
    <div class="indention">
      <b>Feature:</b>
      <a href="report-feature_4142325911.html">Validating Booking Function of adactin Application</a>
    </div>


<div class="tags indention">
    <b>Tags:</b>
       <a href="report-tag_2209767278.html">@gobi</a>
       <a href="report-tag_2059756147.html">@data=TC_1</a>
</div>


  <span class="lead-duration duration">10.251</span>


  <span data-toggle="collapse" class=" collapsable-control" data-target="#element-4">

<div class="brief failed">
  <span class="keyword indention">Scenario Outline</span>
  <span class="name">Validating the booking module in adactin Hotels page</span>


     <i class="chevron fa fa-fw"></i>
</div>

  </span>
  <div class="description indention"></div>

  <div id="element-4" class="collapse collapsable-details  in ">





<div class="steps inner-level">
  <div data-toggle="collapse" class=" collapsable-control" data-target="#steps-5">

<div class="brief failed">
  <span class="keyword indention">Steps</span>
  <span class="name"></span>


     <i class="chevron fa fa-fw"></i>
</div>

  </div>

  <div id="steps-5" class="inner-level collapse collapsable-details  in ">
      <div class="step">


<div class="brief step-name-Given passed">
  <span class="keyword indention">Given</span>
  <span class="name">User is on adactin login page</span>

  <span class="lead-duration duration">0.278</span>

</div>
















      </div>
      <div class="step">


<div class="brief step-name-When passed">
  <span class="keyword indention">When</span>
  <span class="name">User entering the Username <span class="argument">&quot;gobinathm&quot;</span> and <span class="argument">&quot;@Gobi61995&quot;</span></span>

  <span class="lead-duration duration">0.317</span>

</div>
















      </div>
      <div class="step">


<div class="brief step-name-And passed">
  <span class="keyword indention">And</span>
  <span class="name">User clicks on Login button</span>

  <span class="lead-duration duration">0.659</span>

</div>
















      </div>
      <div class="step">


<div class="brief step-name-When passed">
  <span class="keyword indention">When</span>
  <span class="name">User enters Location <span class="argument">&quot;Paris&quot;</span> and Hotel <span class="argument">&quot;Hotel Sunshine&quot;</span> and Room Type <span class="argument">&quot;Super Deluxe&quot;</span> and Number of Rooms<span class="argument">&quot;3&quot;</span> and CheckIn <span class="argument">&quot;13/05/2021&quot;</span> and CheckOut<span class="argument">&quot;15/05/2021&quot;</span> and Adult<span class="argument">&quot;1 - One&quot;</span> and Child <span class="argument">&quot;0 - None&quot;</span></span>

  <span class="lead-duration duration">1.245</span>

</div>
















      </div>
      <div class="step">


<div class="brief step-name-And passed">
  <span class="keyword indention">And</span>
  <span class="name">User clicks on Submit button</span>

  <span class="lead-duration duration">0.383</span>

</div>
















      </div>
      <div class="step">


<div class="brief step-name-And passed">
  <span class="keyword indention">And</span>
  <span class="name">User clicks on Radio button</span>

  <span class="lead-duration duration">0.525</span>

</div>
















      </div>
      <div class="step">


<div class="brief step-name-When passed">
  <span class="keyword indention">When</span>
  <span class="name">User enters FirstName<span class="argument">&quot;Jack&quot;</span> and LaseName<span class="argument">&quot;Daniels&quot;</span> and Address<span class="argument">&quot;HongKong&quot;</span> and CreditCardNum<span class="argument">&quot;1234567898765432&quot;</span> and CreditCardType<span class="argument">&quot;VISA&quot;</span> and ExpMnth<span class="argument">&quot;January&quot;</span> and ExpYear<span class="argument">&quot;2022&quot;</span> and Cvv<span class="argument">&quot;234&quot;</span></span>

  <span class="lead-duration duration">1.208</span>

</div>
















      </div>
      <div class="step">


<div class="brief step-name-And passed">
  <span class="keyword indention">And</span>
  <span class="name">User clicks on BookNow button</span>

  <span class="lead-duration duration">0.111</span>

</div>
















      </div>
      <div class="step">


<div class="brief step-name-Then failed">
  <span class="keyword indention">Then</span>
  <span class="name">User need to validate the booking number</span>

  <span class="lead-duration duration">5.523</span>

</div>






  <div class="inner-level">
    <div class="message indention">
      <div data-toggle="collapse" class=" collapsable-control" data-target="#msg-6">
          <a>java.lang.AssertionError:</a>
      </div>
      <div id="msg-6" class="collapse collapsable-details  in ">
        <pre>java.lang.AssertionError: expected [012345] but found [THKN0J0PEK]
	at org.testng.Assert.fail(Assert.java:96)
	at org.testng.Assert.failNotEquals(Assert.java:776)
	at org.testng.Assert.assertEqualsImpl(Assert.java:137)
	at org.testng.Assert.assertEquals(Assert.java:118)
	at org.testng.Assert.assertEquals(Assert.java:453)
	at org.testng.Assert.assertEquals(Assert.java:463)
	at org.stepdef.StepDefinition.user_need_to_validate_the_booking_number(StepDefinition.java:79)
	at &#10045;.User need to validate the booking number(src/main/resources/feature1.feature:14)
</pre>
      </div>
    </div>
  </div>











      </div>
  </div>
</div>





  </div>
</div>


<div class="element">
    <div class="indention">
      <b>Feature:</b>
      <a href="report-feature_4142325911.html">Validating Booking Function of adactin Application</a>
    </div>


<div class="tags indention">
    <b>Tags:</b>
       <a href="report-tag_2209767278.html">@gobi</a>
       <a href="report-tag_2059756147.html">@data=TC_1</a>
</div>


  <span class="lead-duration duration">10.283</span>


  <span data-toggle="collapse" class=" collapsable-control" data-target="#element-7">

<div class="brief failed">
  <span class="keyword indention">Scenario Outline</span>
  <span class="name">Validating the booking module in adactin Hotels page</span>


     <i class="chevron fa fa-fw"></i>
</div>

  </span>
  <div class="description indention"></div>

  <div id="element-7" class="collapse collapsable-details  in ">





<div class="steps inner-level">
  <div data-toggle="collapse" class=" collapsable-control" data-target="#steps-8">

<div class="brief failed">
  <span class="keyword indention">Steps</span>
  <span class="name"></span>


     <i class="chevron fa fa-fw"></i>
</div>

  </div>

  <div id="steps-8" class="inner-level collapse collapsable-details  in ">
      <div class="step">


<div class="brief step-name-Given passed">
  <span class="keyword indention">Given</span>
  <span class="name">User is on adactin login page</span>

  <span class="lead-duration duration">0.272</span>

</div>
















      </div>
      <div class="step">


<div class="brief step-name-When passed">
  <span class="keyword indention">When</span>
  <span class="name">User entering the Username <span class="argument">&quot;gobinathm&quot;</span> and <span class="argument">&quot;@Gobi61995&quot;</span></span>

  <span class="lead-duration duration">0.343</span>

</div>
















      </div>
      <div class="step">


<div class="brief step-name-And passed">
  <span class="keyword indention">And</span>
  <span class="name">User clicks on Login button</span>

  <span class="lead-duration duration">0.621</span>

</div>
















      </div>
      <div class="step">


<div class="brief step-name-When passed">
  <span class="keyword indention">When</span>
  <span class="name">User enters Location <span class="argument">&quot;London&quot;</span> and Hotel <span class="argument">&quot;Hotel Cornice&quot;</span> and Room Type <span class="argument">&quot;Standard&quot;</span> and Number of Rooms<span class="argument">&quot;4&quot;</span> and CheckIn <span class="argument">&quot;13/05/2021&quot;</span> and CheckOut<span class="argument">&quot;15/05/2021&quot;</span> and Adult<span class="argument">&quot;1 - One&quot;</span> and Child <span class="argument">&quot;0 - None&quot;</span></span>

  <span class="lead-duration duration">1.250</span>

</div>
















      </div>
      <div class="step">


<div class="brief step-name-And passed">
  <span class="keyword indention">And</span>
  <span class="name">User clicks on Submit button</span>

  <span class="lead-duration duration">0.377</span>

</div>
















      </div>
      <div class="step">


<div class="brief step-name-And passed">
  <span class="keyword indention">And</span>
  <span class="name">User clicks on Radio button</span>

  <span class="lead-duration duration">0.607</span>

</div>
















      </div>
      <div class="step">


<div class="brief step-name-When passed">
  <span class="keyword indention">When</span>
  <span class="name">User enters FirstName<span class="argument">&quot;Jack&quot;</span> and LaseName<span class="argument">&quot;Daniels&quot;</span> and Address<span class="argument">&quot;HongKong&quot;</span> and CreditCardNum<span class="argument">&quot;1234567898765432&quot;</span> and CreditCardType<span class="argument">&quot;VISA&quot;</span> and ExpMnth<span class="argument">&quot;January&quot;</span> and ExpYear<span class="argument">&quot;2022&quot;</span> and Cvv<span class="argument">&quot;234&quot;</span></span>

  <span class="lead-duration duration">1.175</span>

</div>
















      </div>
      <div class="step">


<div class="brief step-name-And passed">
  <span class="keyword indention">And</span>
  <span class="name">User clicks on BookNow button</span>

  <span class="lead-duration duration">0.110</span>

</div>
















      </div>
      <div class="step">


<div class="brief step-name-Then failed">
  <span class="keyword indention">Then</span>
  <span class="name">User need to validate the booking number</span>

  <span class="lead-duration duration">5.525</span>

</div>






  <div class="inner-level">
    <div class="message indention">
      <div data-toggle="collapse" class=" collapsable-control" data-target="#msg-9">
          <a>java.lang.AssertionError:</a>
      </div>
      <div id="msg-9" class="collapse collapsable-details  in ">
        <pre>java.lang.AssertionError: expected [012345] but found [V36DJCU7BD]
	at org.testng.Assert.fail(Assert.java:96)
	at org.testng.Assert.failNotEquals(Assert.java:776)
	at org.testng.Assert.assertEqualsImpl(Assert.java:137)
	at org.testng.Assert.assertEquals(Assert.java:118)
	at org.testng.Assert.assertEquals(Assert.java:453)
	at org.testng.Assert.assertEquals(Assert.java:463)
	at org.stepdef.StepDefinition.user_need_to_validate_the_booking_number(StepDefinition.java:79)
	at &#10045;.User need to validate the booking number(src/main/resources/feature1.feature:14)
</pre>
      </div>
    </div>
  </div>











      </div>
  </div>
</div>





  </div>
</div>


<div class="element">
    <div class="indention">
      <b>Feature:</b>
      <a href="report-feature_4142325911.html">Validating Booking Function of adactin Application</a>
    </div>


<div class="tags indention">
    <b>Tags:</b>
       <a href="report-tag_2209767278.html">@gobi</a>
       <a href="report-tag_2059756147.html">@data=TC_1</a>
</div>


  <span class="lead-duration duration">10.192</span>


  <span data-toggle="collapse" class=" collapsable-control" data-target="#element-10">

<div class="brief failed">
  <span class="keyword indention">Scenario Outline</span>
  <span class="name">Validating the booking module in adactin Hotels page</span>


     <i class="chevron fa fa-fw"></i>
</div>

  </span>
  <div class="description indention"></div>

  <div id="element-10" class="collapse collapsable-details  in ">





<div class="steps inner-level">
  <div data-toggle="collapse" class=" collapsable-control" data-target="#steps-11">

<div class="brief failed">
  <span class="keyword indention">Steps</span>
  <span class="name"></span>


     <i class="chevron fa fa-fw"></i>
</div>

  </div>

  <div id="steps-11" class="inner-level collapse collapsable-details  in ">
      <div class="step">


<div class="brief step-name-Given passed">
  <span class="keyword indention">Given</span>
  <span class="name">User is on adactin login page</span>

  <span class="lead-duration duration">0.397</span>

</div>
















      </div>
      <div class="step">


<div class="brief step-name-When passed">
  <span class="keyword indention">When</span>
  <span class="name">User entering the Username <span class="argument">&quot;gobinathm&quot;</span> and <span class="argument">&quot;@Gobi61995&quot;</span></span>

  <span class="lead-duration duration">0.251</span>

</div>
















      </div>
      <div class="step">


<div class="brief step-name-And passed">
  <span class="keyword indention">And</span>
  <span class="name">User clicks on Login button</span>

  <span class="lead-duration duration">0.629</span>

</div>
















      </div>
      <div class="step">


<div class="brief step-name-When passed">
  <span class="keyword indention">When</span>
  <span class="name">User enters Location <span class="argument">&quot;Paris&quot;</span> and Hotel <span class="argument">&quot;Hotel Cornice&quot;</span> and Room Type <span class="argument">&quot;Double&quot;</span> and Number of Rooms<span class="argument">&quot;2&quot;</span> and CheckIn <span class="argument">&quot;13/05/2021&quot;</span> and CheckOut<span class="argument">&quot;15/05/2021&quot;</span> and Adult<span class="argument">&quot;1 - One&quot;</span> and Child <span class="argument">&quot;0 - None&quot;</span></span>

  <span class="lead-duration duration">1.189</span>

</div>
















      </div>
      <div class="step">


<div class="brief step-name-And passed">
  <span class="keyword indention">And</span>
  <span class="name">User clicks on Submit button</span>

  <span class="lead-duration duration">0.459</span>

</div>
















      </div>
      <div class="step">


<div class="brief step-name-And passed">
  <span class="keyword indention">And</span>
  <span class="name">User clicks on Radio button</span>

  <span class="lead-duration duration">0.513</span>

</div>
















      </div>
      <div class="step">


<div class="brief step-name-When passed">
  <span class="keyword indention">When</span>
  <span class="name">User enters FirstName<span class="argument">&quot;Jack&quot;</span> and LaseName<span class="argument">&quot;Daniels&quot;</span> and Address<span class="argument">&quot;HongKong&quot;</span> and CreditCardNum<span class="argument">&quot;1234567898765432&quot;</span> and CreditCardType<span class="argument">&quot;VISA&quot;</span> and ExpMnth<span class="argument">&quot;January&quot;</span> and ExpYear<span class="argument">&quot;2022&quot;</span> and Cvv<span class="argument">&quot;234&quot;</span></span>

  <span class="lead-duration duration">1.176</span>

</div>
















      </div>
      <div class="step">


<div class="brief step-name-And passed">
  <span class="keyword indention">And</span>
  <span class="name">User clicks on BookNow button</span>

  <span class="lead-duration duration">0.102</span>

</div>
















      </div>
      <div class="step">


<div class="brief step-name-Then failed">
  <span class="keyword indention">Then</span>
  <span class="name">User need to validate the booking number</span>

  <span class="lead-duration duration">5.471</span>

</div>






  <div class="inner-level">
    <div class="message indention">
      <div data-toggle="collapse" class=" collapsable-control" data-target="#msg-12">
          <a>java.lang.AssertionError:</a>
      </div>
      <div id="msg-12" class="collapse collapsable-details  in ">
        <pre>java.lang.AssertionError: expected [012345] but found [U1GJTKU6ZB]
	at org.testng.Assert.fail(Assert.java:96)
	at org.testng.Assert.failNotEquals(Assert.java:776)
	at org.testng.Assert.assertEqualsImpl(Assert.java:137)
	at org.testng.Assert.assertEquals(Assert.java:118)
	at org.testng.Assert.assertEquals(Assert.java:453)
	at org.testng.Assert.assertEquals(Assert.java:463)
	at org.stepdef.StepDefinition.user_need_to_validate_the_booking_number(StepDefinition.java:79)
	at &#10045;.User need to validate the booking number(src/main/resources/feature1.feature:14)
</pre>
      </div>
    </div>
  </div>











      </div>
  </div>
</div>





  </div>
</div>


<div class="element">
    <div class="indention">
      <b>Feature:</b>
      <a href="report-feature_4142325911.html">Validating Booking Function of adactin Application</a>
    </div>


<div class="tags indention">
    <b>Tags:</b>
       <a href="report-tag_2209767278.html">@gobi</a>
       <a href="report-tag_2059756147.html">@data=TC_1</a>
</div>


  <span class="lead-duration duration">10.278</span>


  <span data-toggle="collapse" class=" collapsable-control" data-target="#element-13">

<div class="brief failed">
  <span class="keyword indention">Scenario Outline</span>
  <span class="name">Validating the booking module in adactin Hotels page</span>


     <i class="chevron fa fa-fw"></i>
</div>

  </span>
  <div class="description indention"></div>

  <div id="element-13" class="collapse collapsable-details  in ">





<div class="steps inner-level">
  <div data-toggle="collapse" class=" collapsable-control" data-target="#steps-14">

<div class="brief failed">
  <span class="keyword indention">Steps</span>
  <span class="name"></span>


     <i class="chevron fa fa-fw"></i>
</div>

  </div>

  <div id="steps-14" class="inner-level collapse collapsable-details  in ">
      <div class="step">


<div class="brief step-name-Given passed">
  <span class="keyword indention">Given</span>
  <span class="name">User is on adactin login page</span>

  <span class="lead-duration duration">0.260</span>

</div>
















      </div>
      <div class="step">


<div class="brief step-name-When passed">
  <span class="keyword indention">When</span>
  <span class="name">User entering the Username <span class="argument">&quot;gobinathm&quot;</span> and <span class="argument">&quot;@Gobi61995&quot;</span></span>

  <span class="lead-duration duration">0.302</span>

</div>
















      </div>
      <div class="step">


<div class="brief step-name-And passed">
  <span class="keyword indention">And</span>
  <span class="name">User clicks on Login button</span>

  <span class="lead-duration duration">0.667</span>

</div>
















      </div>
      <div class="step">


<div class="brief step-name-When passed">
  <span class="keyword indention">When</span>
  <span class="name">User enters Location <span class="argument">&quot;New York&quot;</span> and Hotel <span class="argument">&quot;Hotel Cornice&quot;</span> and Room Type <span class="argument">&quot;Super Deluxe&quot;</span> and Number of Rooms<span class="argument">&quot;2&quot;</span> and CheckIn <span class="argument">&quot;13/05/2021&quot;</span> and CheckOut<span class="argument">&quot;15/05/2021&quot;</span> and Adult<span class="argument">&quot;1 - One&quot;</span> and Child <span class="argument">&quot;0 - None&quot;</span></span>

  <span class="lead-duration duration">1.203</span>

</div>
















      </div>
      <div class="step">


<div class="brief step-name-And passed">
  <span class="keyword indention">And</span>
  <span class="name">User clicks on Submit button</span>

  <span class="lead-duration duration">0.425</span>

</div>
















      </div>
      <div class="step">


<div class="brief step-name-And passed">
  <span class="keyword indention">And</span>
  <span class="name">User clicks on Radio button</span>

  <span class="lead-duration duration">0.511</span>

</div>
















      </div>
      <div class="step">


<div class="brief step-name-When passed">
  <span class="keyword indention">When</span>
  <span class="name">User enters FirstName<span class="argument">&quot;Jack&quot;</span> and LaseName<span class="argument">&quot;Daniels&quot;</span> and Address<span class="argument">&quot;HongKong&quot;</span> and CreditCardNum<span class="argument">&quot;1234567898765432&quot;</span> and CreditCardType<span class="argument">&quot;VISA&quot;</span> and ExpMnth<span class="argument">&quot;January&quot;</span> and ExpYear<span class="argument">&quot;2022&quot;</span> and Cvv<span class="argument">&quot;234&quot;</span></span>

  <span class="lead-duration duration">1.101</span>

</div>
















      </div>
      <div class="step">


<div class="brief step-name-And passed">
  <span class="keyword indention">And</span>
  <span class="name">User clicks on BookNow button</span>

  <span class="lead-duration duration">0.115</span>

</div>
















      </div>
      <div class="step">


<div class="brief step-name-Then failed">
  <span class="keyword indention">Then</span>
  <span class="name">User need to validate the booking number</span>

  <span class="lead-duration duration">5.690</span>

</div>






  <div class="inner-level">
    <div class="message indention">
      <div data-toggle="collapse" class=" collapsable-control" data-target="#msg-15">
          <a>java.lang.AssertionError:</a>
      </div>
      <div id="msg-15" class="collapse collapsable-details  in ">
        <pre>java.lang.AssertionError: expected [012345] but found [2U4783FRX0]
	at org.testng.Assert.fail(Assert.java:96)
	at org.testng.Assert.failNotEquals(Assert.java:776)
	at org.testng.Assert.assertEqualsImpl(Assert.java:137)
	at org.testng.Assert.assertEquals(Assert.java:118)
	at org.testng.Assert.assertEquals(Assert.java:453)
	at org.testng.Assert.assertEquals(Assert.java:463)
	at org.stepdef.StepDefinition.user_need_to_validate_the_booking_number(StepDefinition.java:79)
	at &#10045;.User need to validate the booking number(src/main/resources/feature1.feature:14)
</pre>
      </div>
    </div>
  </div>











      </div>
  </div>
</div>





  </div>
</div>


<div class="element">
    <div class="indention">
      <b>Feature:</b>
      <a href="report-feature_4142325911.html">Validating Booking Function of adactin Application</a>
    </div>


<div class="tags indention">
    <b>Tags:</b>
       <a href="report-tag_2209767278.html">@gobi</a>
       <a href="report-tag_2059756147.html">@data=TC_1</a>
</div>


  <span class="lead-duration duration">9.885</span>


  <span data-toggle="collapse" class=" collapsable-control" data-target="#element-16">

<div class="brief failed">
  <span class="keyword indention">Scenario Outline</span>
  <span class="name">Validating the booking module in adactin Hotels page</span>


     <i class="chevron fa fa-fw"></i>
</div>

  </span>
  <div class="description indention"></div>

  <div id="element-16" class="collapse collapsable-details  in ">





<div class="steps inner-level">
  <div data-toggle="collapse" class=" collapsable-control" data-target="#steps-17">

<div class="brief failed">
  <span class="keyword indention">Steps</span>
  <span class="name"></span>


     <i class="chevron fa fa-fw"></i>
</div>

  </div>

  <div id="steps-17" class="inner-level collapse collapsable-details  in ">
      <div class="step">


<div class="brief step-name-Given passed">
  <span class="keyword indention">Given</span>
  <span class="name">User is on adactin login page</span>

  <span class="lead-duration duration">0.285</span>

</div>
















      </div>
      <div class="step">


<div class="brief step-name-When passed">
  <span class="keyword indention">When</span>
  <span class="name">User entering the Username <span class="argument">&quot;gobinathm&quot;</span> and <span class="argument">&quot;@Gobi61995&quot;</span></span>

  <span class="lead-duration duration">0.285</span>

</div>
















      </div>
      <div class="step">


<div class="brief step-name-And passed">
  <span class="keyword indention">And</span>
  <span class="name">User clicks on Login button</span>

  <span class="lead-duration duration">0.508</span>

</div>
















      </div>
      <div class="step">


<div class="brief step-name-When passed">
  <span class="keyword indention">When</span>
  <span class="name">User enters Location <span class="argument">&quot;Paris&quot;</span> and Hotel <span class="argument">&quot;Hotel Cornice&quot;</span> and Room Type <span class="argument">&quot;Double&quot;</span> and Number of Rooms<span class="argument">&quot;2&quot;</span> and CheckIn <span class="argument">&quot;13/05/2021&quot;</span> and CheckOut<span class="argument">&quot;15/05/2021&quot;</span> and Adult<span class="argument">&quot;1 - One&quot;</span> and Child <span class="argument">&quot;0 - None&quot;</span></span>

  <span class="lead-duration duration">1.201</span>

</div>
















      </div>
      <div class="step">


<div class="brief step-name-And passed">
  <span class="keyword indention">And</span>
  <span class="name">User clicks on Submit button</span>

  <span class="lead-duration duration">0.437</span>

</div>
















      </div>
      <div class="step">


<div class="brief step-name-And passed">
  <span class="keyword indention">And</span>
  <span class="name">User clicks on Radio button</span>

  <span class="lead-duration duration">0.479</span>

</div>
















      </div>
      <div class="step">


<div class="brief step-name-When passed">
  <span class="keyword indention">When</span>
  <span class="name">User enters FirstName<span class="argument">&quot;Hans&quot;</span> and LaseName<span class="argument">&quot;Zimmer&quot;</span> and Address<span class="argument">&quot;HongKong&quot;</span> and CreditCardNum<span class="argument">&quot;1234567898765432&quot;</span> and CreditCardType<span class="argument">&quot;VISA&quot;</span> and ExpMnth<span class="argument">&quot;January&quot;</span> and ExpYear<span class="argument">&quot;2022&quot;</span> and Cvv<span class="argument">&quot;234&quot;</span></span>

  <span class="lead-duration duration">1.112</span>

</div>
















      </div>
      <div class="step">


<div class="brief step-name-And passed">
  <span class="keyword indention">And</span>
  <span class="name">User clicks on BookNow button</span>

  <span class="lead-duration duration">0.117</span>

</div>
















      </div>
      <div class="step">


<div class="brief step-name-Then failed">
  <span class="keyword indention">Then</span>
  <span class="name">User need to validate the booking number</span>

  <span class="lead-duration duration">5.458</span>

</div>






  <div class="inner-level">
    <div class="message indention">
      <div data-toggle="collapse" class=" collapsable-control" data-target="#msg-18">
          <a>java.lang.AssertionError:</a>
      </div>
      <div id="msg-18" class="collapse collapsable-details  in ">
        <pre>java.lang.AssertionError: expected [012345] but found [19888E6YUX]
	at org.testng.Assert.fail(Assert.java:96)
	at org.testng.Assert.failNotEquals(Assert.java:776)
	at org.testng.Assert.assertEqualsImpl(Assert.java:137)
	at org.testng.Assert.assertEquals(Assert.java:118)
	at org.testng.Assert.assertEquals(Assert.java:453)
	at org.testng.Assert.assertEquals(Assert.java:463)
	at org.stepdef.StepDefinition.user_need_to_validate_the_booking_number(StepDefinition.java:79)
	at &#10045;.User need to validate the booking number(src/main/resources/feature1.feature:14)
</pre>
      </div>
    </div>
  </div>











      </div>
  </div>
</div>





  </div>
</div>


<div class="element">
    <div class="indention">
      <b>Feature:</b>
      <a href="report-feature_4142325911.html">Validating Booking Function of adactin Application</a>
    </div>


<div class="tags indention">
    <b>Tags:</b>
       <a href="report-tag_2209767278.html">@gobi</a>
       <a href="report-tag_2059756147.html">@data=TC_1</a>
</div>


  <span class="lead-duration duration">9.896</span>


  <span data-toggle="collapse" class=" collapsable-control" data-target="#element-19">

<div class="brief failed">
  <span class="keyword indention">Scenario Outline</span>
  <span class="name">Validating the booking module in adactin Hotels page</span>


     <i class="chevron fa fa-fw"></i>
</div>

  </span>
  <div class="description indention"></div>

  <div id="element-19" class="collapse collapsable-details  in ">





<div class="steps inner-level">
  <div data-toggle="collapse" class=" collapsable-control" data-target="#steps-20">

<div class="brief failed">
  <span class="keyword indention">Steps</span>
  <span class="name"></span>


     <i class="chevron fa fa-fw"></i>
</div>

  </div>

  <div id="steps-20" class="inner-level collapse collapsable-details  in ">
      <div class="step">


<div class="brief step-name-Given passed">
  <span class="keyword indention">Given</span>
  <span class="name">User is on adactin login page</span>

  <span class="lead-duration duration">0.231</span>

</div>
















      </div>
      <div class="step">


<div class="brief step-name-When passed">
  <span class="keyword indention">When</span>
  <span class="name">User entering the Username <span class="argument">&quot;gobinathm&quot;</span> and <span class="argument">&quot;@Gobi61995&quot;</span></span>

  <span class="lead-duration duration">0.269</span>

</div>
















      </div>
      <div class="step">


<div class="brief step-name-And passed">
  <span class="keyword indention">And</span>
  <span class="name">User clicks on Login button</span>

  <span class="lead-duration duration">0.619</span>

</div>
















      </div>
      <div class="step">


<div class="brief step-name-When passed">
  <span class="keyword indention">When</span>
  <span class="name">User enters Location <span class="argument">&quot;New York&quot;</span> and Hotel <span class="argument">&quot;Hotel Cornice&quot;</span> and Room Type <span class="argument">&quot;Super Deluxe&quot;</span> and Number of Rooms<span class="argument">&quot;2&quot;</span> and CheckIn <span class="argument">&quot;13/05/2021&quot;</span> and CheckOut<span class="argument">&quot;15/05/2021&quot;</span> and Adult<span class="argument">&quot;1 - One&quot;</span> and Child <span class="argument">&quot;0 - None&quot;</span></span>

  <span class="lead-duration duration">1.216</span>

</div>
















      </div>
      <div class="step">


<div class="brief step-name-And passed">
  <span class="keyword indention">And</span>
  <span class="name">User clicks on Submit button</span>

  <span class="lead-duration duration">0.350</span>

</div>
















      </div>
      <div class="step">


<div class="brief step-name-And passed">
  <span class="keyword indention">And</span>
  <span class="name">User clicks on Radio button</span>

  <span class="lead-duration duration">0.497</span>

</div>
















      </div>
      <div class="step">


<div class="brief step-name-When passed">
  <span class="keyword indention">When</span>
  <span class="name">User enters FirstName<span class="argument">&quot;Jack&quot;</span> and LaseName<span class="argument">&quot;Daniels&quot;</span> and Address<span class="argument">&quot;HongKong&quot;</span> and CreditCardNum<span class="argument">&quot;1234567898765432&quot;</span> and CreditCardType<span class="argument">&quot;VISA&quot;</span> and ExpMnth<span class="argument">&quot;January&quot;</span> and ExpYear<span class="argument">&quot;2022&quot;</span> and Cvv<span class="argument">&quot;234&quot;</span></span>

  <span class="lead-duration duration">1.138</span>

</div>
















      </div>
      <div class="step">


<div class="brief step-name-And passed">
  <span class="keyword indention">And</span>
  <span class="name">User clicks on BookNow button</span>

  <span class="lead-duration duration">0.103</span>

</div>
















      </div>
      <div class="step">


<div class="brief step-name-Then failed">
  <span class="keyword indention">Then</span>
  <span class="name">User need to validate the booking number</span>

  <span class="lead-duration duration">5.470</span>

</div>






  <div class="inner-level">
    <div class="message indention">
      <div data-toggle="collapse" class=" collapsable-control" data-target="#msg-21">
          <a>java.lang.AssertionError:</a>
      </div>
      <div id="msg-21" class="collapse collapsable-details  in ">
        <pre>java.lang.AssertionError: expected [012345] but found [J95VNST2R6]
	at org.testng.Assert.fail(Assert.java:96)
	at org.testng.Assert.failNotEquals(Assert.java:776)
	at org.testng.Assert.assertEqualsImpl(Assert.java:137)
	at org.testng.Assert.assertEquals(Assert.java:118)
	at org.testng.Assert.assertEquals(Assert.java:453)
	at org.testng.Assert.assertEquals(Assert.java:463)
	at org.stepdef.StepDefinition.user_need_to_validate_the_booking_number(StepDefinition.java:79)
	at &#10045;.User need to validate the booking number(src/main/resources/feature1.feature:14)
</pre>
      </div>
    </div>
  </div>











      </div>
  </div>
</div>





  </div>
</div>


<div class="element">
    <div class="indention">
      <b>Feature:</b>
      <a href="report-feature_4142325911.html">Validating Booking Function of adactin Application</a>
    </div>


<div class="tags indention">
    <b>Tags:</b>
       <a href="report-tag_2209767278.html">@gobi</a>
       <a href="report-tag_2059756147.html">@data=TC_1</a>
</div>


  <span class="lead-duration duration">10.229</span>


  <span data-toggle="collapse" class=" collapsable-control" data-target="#element-22">

<div class="brief failed">
  <span class="keyword indention">Scenario Outline</span>
  <span class="name">Validating the booking module in adactin Hotels page</span>


     <i class="chevron fa fa-fw"></i>
</div>

  </span>
  <div class="description indention"></div>

  <div id="element-22" class="collapse collapsable-details  in ">





<div class="steps inner-level">
  <div data-toggle="collapse" class=" collapsable-control" data-target="#steps-23">

<div class="brief failed">
  <span class="keyword indention">Steps</span>
  <span class="name"></span>


     <i class="chevron fa fa-fw"></i>
</div>

  </div>

  <div id="steps-23" class="inner-level collapse collapsable-details  in ">
      <div class="step">


<div class="brief step-name-Given passed">
  <span class="keyword indention">Given</span>
  <span class="name">User is on adactin login page</span>

  <span class="lead-duration duration">0.270</span>

</div>
















      </div>
      <div class="step">


<div class="brief step-name-When passed">
  <span class="keyword indention">When</span>
  <span class="name">User entering the Username <span class="argument">&quot;gobinathm&quot;</span> and <span class="argument">&quot;@Gobi61995&quot;</span></span>

  <span class="lead-duration duration">0.284</span>

</div>
















      </div>
      <div class="step">


<div class="brief step-name-And passed">
  <span class="keyword indention">And</span>
  <span class="name">User clicks on Login button</span>

  <span class="lead-duration duration">0.723</span>

</div>
















      </div>
      <div class="step">


<div class="brief step-name-When passed">
  <span class="keyword indention">When</span>
  <span class="name">User enters Location <span class="argument">&quot;London&quot;</span> and Hotel <span class="argument">&quot;Hotel Hervey&quot;</span> and Room Type <span class="argument">&quot;Super Deluxe&quot;</span> and Number of Rooms<span class="argument">&quot;2&quot;</span> and CheckIn <span class="argument">&quot;13/05/2021&quot;</span> and CheckOut<span class="argument">&quot;15/05/2021&quot;</span> and Adult<span class="argument">&quot;1 - One&quot;</span> and Child <span class="argument">&quot;0 - None&quot;</span></span>

  <span class="lead-duration duration">1.183</span>

</div>
















      </div>
      <div class="step">


<div class="brief step-name-And passed">
  <span class="keyword indention">And</span>
  <span class="name">User clicks on Submit button</span>

  <span class="lead-duration duration">0.445</span>

</div>
















      </div>
      <div class="step">


<div class="brief step-name-And passed">
  <span class="keyword indention">And</span>
  <span class="name">User clicks on Radio button</span>

  <span class="lead-duration duration">0.590</span>

</div>
















      </div>
      <div class="step">


<div class="brief step-name-When passed">
  <span class="keyword indention">When</span>
  <span class="name">User enters FirstName<span class="argument">&quot;Jack&quot;</span> and LaseName<span class="argument">&quot;Daniels&quot;</span> and Address<span class="argument">&quot;HongKong&quot;</span> and CreditCardNum<span class="argument">&quot;1234567898765432&quot;</span> and CreditCardType<span class="argument">&quot;VISA&quot;</span> and ExpMnth<span class="argument">&quot;January&quot;</span> and ExpYear<span class="argument">&quot;2022&quot;</span> and Cvv<span class="argument">&quot;234&quot;</span></span>

  <span class="lead-duration duration">1.146</span>

</div>
















      </div>
      <div class="step">


<div class="brief step-name-And passed">
  <span class="keyword indention">And</span>
  <span class="name">User clicks on BookNow button</span>

  <span class="lead-duration duration">0.100</span>

</div>
















      </div>
      <div class="step">


<div class="brief step-name-Then failed">
  <span class="keyword indention">Then</span>
  <span class="name">User need to validate the booking number</span>

  <span class="lead-duration duration">5.484</span>

</div>






  <div class="inner-level">
    <div class="message indention">
      <div data-toggle="collapse" class=" collapsable-control" data-target="#msg-24">
          <a>java.lang.AssertionError:</a>
      </div>
      <div id="msg-24" class="collapse collapsable-details  in ">
        <pre>java.lang.AssertionError: expected [012345] but found [Z37D0PCVT8]
	at org.testng.Assert.fail(Assert.java:96)
	at org.testng.Assert.failNotEquals(Assert.java:776)
	at org.testng.Assert.assertEqualsImpl(Assert.java:137)
	at org.testng.Assert.assertEquals(Assert.java:118)
	at org.testng.Assert.assertEquals(Assert.java:453)
	at org.testng.Assert.assertEquals(Assert.java:463)
	at org.stepdef.StepDefinition.user_need_to_validate_the_booking_number(StepDefinition.java:79)
	at &#10045;.User need to validate the booking number(src/main/resources/feature1.feature:14)
</pre>
      </div>
    </div>
  </div>











      </div>
  </div>
</div>





  </div>
</div>


<div class="element">
    <div class="indention">
      <b>Feature:</b>
      <a href="report-feature_4142325911.html">Validating Booking Function of adactin Application</a>
    </div>


<div class="tags indention">
    <b>Tags:</b>
       <a href="report-tag_2209767278.html">@gobi</a>
       <a href="report-tag_2059756147.html">@data=TC_1</a>
</div>


  <span class="lead-duration duration">9.912</span>


  <span data-toggle="collapse" class=" collapsable-control" data-target="#element-25">

<div class="brief failed">
  <span class="keyword indention">Scenario Outline</span>
  <span class="name">Validating the booking module in adactin Hotels page</span>


     <i class="chevron fa fa-fw"></i>
</div>

  </span>
  <div class="description indention"></div>

  <div id="element-25" class="collapse collapsable-details  in ">





<div class="steps inner-level">
  <div data-toggle="collapse" class=" collapsable-control" data-target="#steps-26">

<div class="brief failed">
  <span class="keyword indention">Steps</span>
  <span class="name"></span>


     <i class="chevron fa fa-fw"></i>
</div>

  </div>

  <div id="steps-26" class="inner-level collapse collapsable-details  in ">
      <div class="step">


<div class="brief step-name-Given passed">
  <span class="keyword indention">Given</span>
  <span class="name">User is on adactin login page</span>

  <span class="lead-duration duration">0.263</span>

</div>
















      </div>
      <div class="step">


<div class="brief step-name-When passed">
  <span class="keyword indention">When</span>
  <span class="name">User entering the Username <span class="argument">&quot;gobinathm&quot;</span> and <span class="argument">&quot;@Gobi61995&quot;</span></span>

  <span class="lead-duration duration">0.289</span>

</div>
















      </div>
      <div class="step">


<div class="brief step-name-And passed">
  <span class="keyword indention">And</span>
  <span class="name">User clicks on Login button</span>

  <span class="lead-duration duration">0.548</span>

</div>
















      </div>
      <div class="step">


<div class="brief step-name-When passed">
  <span class="keyword indention">When</span>
  <span class="name">User enters Location <span class="argument">&quot;Paris&quot;</span> and Hotel <span class="argument">&quot;Hotel Cornice&quot;</span> and Room Type <span class="argument">&quot;Double&quot;</span> and Number of Rooms<span class="argument">&quot;2&quot;</span> and CheckIn <span class="argument">&quot;13/05/2021&quot;</span> and CheckOut<span class="argument">&quot;15/05/2021&quot;</span> and Adult<span class="argument">&quot;1 - One&quot;</span> and Child <span class="argument">&quot;0 - None&quot;</span></span>

  <span class="lead-duration duration">1.200</span>

</div>
















      </div>
      <div class="step">


<div class="brief step-name-And passed">
  <span class="keyword indention">And</span>
  <span class="name">User clicks on Submit button</span>

  <span class="lead-duration duration">0.413</span>

</div>
















      </div>
      <div class="step">


<div class="brief step-name-And passed">
  <span class="keyword indention">And</span>
  <span class="name">User clicks on Radio button</span>

  <span class="lead-duration duration">0.491</span>

</div>
















      </div>
      <div class="step">


<div class="brief step-name-When passed">
  <span class="keyword indention">When</span>
  <span class="name">User enters FirstName<span class="argument">&quot;Christopher&quot;</span> and LaseName<span class="argument">&quot;Nolan&quot;</span> and Address<span class="argument">&quot;HongKong&quot;</span> and CreditCardNum<span class="argument">&quot;1234567898765432&quot;</span> and CreditCardType<span class="argument">&quot;VISA&quot;</span> and ExpMnth<span class="argument">&quot;January&quot;</span> and ExpYear<span class="argument">&quot;2022&quot;</span> and Cvv<span class="argument">&quot;234&quot;</span></span>

  <span class="lead-duration duration">1.138</span>

</div>
















      </div>
      <div class="step">


<div class="brief step-name-And passed">
  <span class="keyword indention">And</span>
  <span class="name">User clicks on BookNow button</span>

  <span class="lead-duration duration">0.105</span>

</div>
















      </div>
      <div class="step">


<div class="brief step-name-Then failed">
  <span class="keyword indention">Then</span>
  <span class="name">User need to validate the booking number</span>

  <span class="lead-duration duration">5.461</span>

</div>






  <div class="inner-level">
    <div class="message indention">
      <div data-toggle="collapse" class=" collapsable-control" data-target="#msg-27">
          <a>java.lang.AssertionError:</a>
      </div>
      <div id="msg-27" class="collapse collapsable-details  in ">
        <pre>java.lang.AssertionError: expected [012345] but found [RAI1NQT54T]
	at org.testng.Assert.fail(Assert.java:96)
	at org.testng.Assert.failNotEquals(Assert.java:776)
	at org.testng.Assert.assertEqualsImpl(Assert.java:137)
	at org.testng.Assert.assertEquals(Assert.java:118)
	at org.testng.Assert.assertEquals(Assert.java:453)
	at org.testng.Assert.assertEquals(Assert.java:463)
	at org.stepdef.StepDefinition.user_need_to_validate_the_booking_number(StepDefinition.java:79)
	at &#10045;.User need to validate the booking number(src/main/resources/feature1.feature:14)
</pre>
      </div>
    </div>
  </div>











      </div>
  </div>
</div>





  </div>
</div>


<div class="element">
    <div class="indention">
      <b>Feature:</b>
      <a href="report-feature_4142325911.html">Validating Booking Function of adactin Application</a>
    </div>


<div class="tags indention">
    <b>Tags:</b>
       <a href="report-tag_2209767278.html">@gobi</a>
       <a href="report-tag_2059756147.html">@data=TC_1</a>
</div>


  <span class="lead-duration duration">9.949</span>


  <span data-toggle="collapse" class=" collapsable-control" data-target="#element-28">

<div class="brief failed">
  <span class="keyword indention">Scenario Outline</span>
  <span class="name">Validating the booking module in adactin Hotels page</span>


     <i class="chevron fa fa-fw"></i>
</div>

  </span>
  <div class="description indention"></div>

  <div id="element-28" class="collapse collapsable-details  in ">





<div class="steps inner-level">
  <div data-toggle="collapse" class=" collapsable-control" data-target="#steps-29">

<div class="brief failed">
  <span class="keyword indention">Steps</span>
  <span class="name"></span>


     <i class="chevron fa fa-fw"></i>
</div>

  </div>

  <div id="steps-29" class="inner-level collapse collapsable-details  in ">
      <div class="step">


<div class="brief step-name-Given passed">
  <span class="keyword indention">Given</span>
  <span class="name">User is on adactin login page</span>

  <span class="lead-duration duration">0.240</span>

</div>
















      </div>
      <div class="step">


<div class="brief step-name-When passed">
  <span class="keyword indention">When</span>
  <span class="name">User entering the Username <span class="argument">&quot;gobinathm&quot;</span> and <span class="argument">&quot;@Gobi61995&quot;</span></span>

  <span class="lead-duration duration">0.301</span>

</div>
















      </div>
      <div class="step">


<div class="brief step-name-And passed">
  <span class="keyword indention">And</span>
  <span class="name">User clicks on Login button</span>

  <span class="lead-duration duration">0.635</span>

</div>
















      </div>
      <div class="step">


<div class="brief step-name-When passed">
  <span class="keyword indention">When</span>
  <span class="name">User enters Location <span class="argument">&quot;New York&quot;</span> and Hotel <span class="argument">&quot;Hotel Cornice&quot;</span> and Room Type <span class="argument">&quot;Super Deluxe&quot;</span> and Number of Rooms<span class="argument">&quot;2&quot;</span> and CheckIn <span class="argument">&quot;13/05/2021&quot;</span> and CheckOut<span class="argument">&quot;15/05/2021&quot;</span> and Adult<span class="argument">&quot;1 - One&quot;</span> and Child <span class="argument">&quot;0 - None&quot;</span></span>

  <span class="lead-duration duration">1.210</span>

</div>
















      </div>
      <div class="step">


<div class="brief step-name-And passed">
  <span class="keyword indention">And</span>
  <span class="name">User clicks on Submit button</span>

  <span class="lead-duration duration">0.363</span>

</div>
















      </div>
      <div class="step">


<div class="brief step-name-And passed">
  <span class="keyword indention">And</span>
  <span class="name">User clicks on Radio button</span>

  <span class="lead-duration duration">0.479</span>

</div>
















      </div>
      <div class="step">


<div class="brief step-name-When passed">
  <span class="keyword indention">When</span>
  <span class="name">User enters FirstName<span class="argument">&quot;Jack&quot;</span> and LaseName<span class="argument">&quot;Daniels&quot;</span> and Address<span class="argument">&quot;HongKong&quot;</span> and CreditCardNum<span class="argument">&quot;1234567898765432&quot;</span> and CreditCardType<span class="argument">&quot;VISA&quot;</span> and ExpMnth<span class="argument">&quot;January&quot;</span> and ExpYear<span class="argument">&quot;2022&quot;</span> and Cvv<span class="argument">&quot;234&quot;</span></span>

  <span class="lead-duration duration">1.101</span>

</div>
















      </div>
      <div class="step">


<div class="brief step-name-And passed">
  <span class="keyword indention">And</span>
  <span class="name">User clicks on BookNow button</span>

  <span class="lead-duration duration">0.107</span>

</div>
















      </div>
      <div class="step">


<div class="brief step-name-Then failed">
  <span class="keyword indention">Then</span>
  <span class="name">User need to validate the booking number</span>

  <span class="lead-duration duration">5.510</span>

</div>






  <div class="inner-level">
    <div class="message indention">
      <div data-toggle="collapse" class=" collapsable-control" data-target="#msg-30">
          <a>java.lang.AssertionError:</a>
      </div>
      <div id="msg-30" class="collapse collapsable-details  in ">
        <pre>java.lang.AssertionError: expected [012345] but found [7G8703GH23]
	at org.testng.Assert.fail(Assert.java:96)
	at org.testng.Assert.failNotEquals(Assert.java:776)
	at org.testng.Assert.assertEqualsImpl(Assert.java:137)
	at org.testng.Assert.assertEquals(Assert.java:118)
	at org.testng.Assert.assertEquals(Assert.java:453)
	at org.testng.Assert.assertEquals(Assert.java:463)
	at org.stepdef.StepDefinition.user_need_to_validate_the_booking_number(StepDefinition.java:79)
	at &#10045;.User need to validate the booking number(src/main/resources/feature1.feature:14)
</pre>
      </div>
    </div>
  </div>











      </div>
  </div>
</div>





  </div>
</div>


<div class="element">
    <div class="indention">
      <b>Feature:</b>
      <a href="report-feature_4142325911.html">Validating Booking Function of adactin Application</a>
    </div>


<div class="tags indention">
    <b>Tags:</b>
       <a href="report-tag_2209767278.html">@gobi</a>
       <a href="report-tag_2059756147.html">@data=TC_1</a>
</div>


  <span class="lead-duration duration">10.014</span>


  <span data-toggle="collapse" class=" collapsable-control" data-target="#element-31">

<div class="brief failed">
  <span class="keyword indention">Scenario Outline</span>
  <span class="name">Validating the booking module in adactin Hotels page</span>


     <i class="chevron fa fa-fw"></i>
</div>

  </span>
  <div class="description indention"></div>

  <div id="element-31" class="collapse collapsable-details  in ">





<div class="steps inner-level">
  <div data-toggle="collapse" class=" collapsable-control" data-target="#steps-32">

<div class="brief failed">
  <span class="keyword indention">Steps</span>
  <span class="name"></span>


     <i class="chevron fa fa-fw"></i>
</div>

  </div>

  <div id="steps-32" class="inner-level collapse collapsable-details  in ">
      <div class="step">


<div class="brief step-name-Given passed">
  <span class="keyword indention">Given</span>
  <span class="name">User is on adactin login page</span>

  <span class="lead-duration duration">0.257</span>

</div>
















      </div>
      <div class="step">


<div class="brief step-name-When passed">
  <span class="keyword indention">When</span>
  <span class="name">User entering the Username <span class="argument">&quot;gobinathm&quot;</span> and <span class="argument">&quot;@Gobi61995&quot;</span></span>

  <span class="lead-duration duration">0.278</span>

</div>
















      </div>
      <div class="step">


<div class="brief step-name-And passed">
  <span class="keyword indention">And</span>
  <span class="name">User clicks on Login button</span>

  <span class="lead-duration duration">0.618</span>

</div>
















      </div>
      <div class="step">


<div class="brief step-name-When passed">
  <span class="keyword indention">When</span>
  <span class="name">User enters Location <span class="argument">&quot;London&quot;</span> and Hotel <span class="argument">&quot;Hotel Cornice&quot;</span> and Room Type <span class="argument">&quot;Super Deluxe&quot;</span> and Number of Rooms<span class="argument">&quot;2&quot;</span> and CheckIn <span class="argument">&quot;13/05/2021&quot;</span> and CheckOut<span class="argument">&quot;15/05/2021&quot;</span> and Adult<span class="argument">&quot;1 - One&quot;</span> and Child <span class="argument">&quot;0 - None&quot;</span></span>

  <span class="lead-duration duration">1.187</span>

</div>
















      </div>
      <div class="step">


<div class="brief step-name-And passed">
  <span class="keyword indention">And</span>
  <span class="name">User clicks on Submit button</span>

  <span class="lead-duration duration">0.406</span>

</div>
















      </div>
      <div class="step">


<div class="brief step-name-And passed">
  <span class="keyword indention">And</span>
  <span class="name">User clicks on Radio button</span>

  <span class="lead-duration duration">0.520</span>

</div>
















      </div>
      <div class="step">


<div class="brief step-name-When passed">
  <span class="keyword indention">When</span>
  <span class="name">User enters FirstName<span class="argument">&quot;Jack&quot;</span> and LaseName<span class="argument">&quot;Daniels&quot;</span> and Address<span class="argument">&quot;HongKong&quot;</span> and CreditCardNum<span class="argument">&quot;1234567898765432&quot;</span> and CreditCardType<span class="argument">&quot;VISA&quot;</span> and ExpMnth<span class="argument">&quot;January&quot;</span> and ExpYear<span class="argument">&quot;2022&quot;</span> and Cvv<span class="argument">&quot;234&quot;</span></span>

  <span class="lead-duration duration">1.152</span>

</div>
















      </div>
      <div class="step">


<div class="brief step-name-And passed">
  <span class="keyword indention">And</span>
  <span class="name">User clicks on BookNow button</span>

  <span class="lead-duration duration">0.106</span>

</div>
















      </div>
      <div class="step">


<div class="brief step-name-Then failed">
  <span class="keyword indention">Then</span>
  <span class="name">User need to validate the booking number</span>

  <span class="lead-duration duration">5.485</span>

</div>






  <div class="inner-level">
    <div class="message indention">
      <div data-toggle="collapse" class=" collapsable-control" data-target="#msg-33">
          <a>java.lang.AssertionError:</a>
      </div>
      <div id="msg-33" class="collapse collapsable-details  in ">
        <pre>java.lang.AssertionError: expected [012345] but found [19168K9N28]
	at org.testng.Assert.fail(Assert.java:96)
	at org.testng.Assert.failNotEquals(Assert.java:776)
	at org.testng.Assert.assertEqualsImpl(Assert.java:137)
	at org.testng.Assert.assertEquals(Assert.java:118)
	at org.testng.Assert.assertEquals(Assert.java:453)
	at org.testng.Assert.assertEquals(Assert.java:463)
	at org.stepdef.StepDefinition.user_need_to_validate_the_booking_number(StepDefinition.java:79)
	at &#10045;.User need to validate the booking number(src/main/resources/feature1.feature:14)
</pre>
      </div>
    </div>
  </div>











      </div>
  </div>
</div>





  </div>
</div>


<div class="element">
    <div class="indention">
      <b>Feature:</b>
      <a href="report-feature_4142325911.html">Validating Booking Function of adactin Application</a>
    </div>


<div class="tags indention">
    <b>Tags:</b>
       <a href="report-tag_2209767278.html">@gobi</a>
       <a href="report-tag_2059756147.html">@data=TC_1</a>
</div>


  <span class="lead-duration duration">10.251</span>


  <span data-toggle="collapse" class=" collapsable-control" data-target="#element-34">

<div class="brief failed">
  <span class="keyword indention">Scenario Outline</span>
  <span class="name">Validating the booking module in adactin Hotels page</span>


     <i class="chevron fa fa-fw"></i>
</div>

  </span>
  <div class="description indention"></div>

  <div id="element-34" class="collapse collapsable-details  in ">





<div class="steps inner-level">
  <div data-toggle="collapse" class=" collapsable-control" data-target="#steps-35">

<div class="brief failed">
  <span class="keyword indention">Steps</span>
  <span class="name"></span>


     <i class="chevron fa fa-fw"></i>
</div>

  </div>

  <div id="steps-35" class="inner-level collapse collapsable-details  in ">
      <div class="step">


<div class="brief step-name-Given passed">
  <span class="keyword indention">Given</span>
  <span class="name">User is on adactin login page</span>

  <span class="lead-duration duration">0.258</span>

</div>
















      </div>
      <div class="step">


<div class="brief step-name-When passed">
  <span class="keyword indention">When</span>
  <span class="name">User entering the Username <span class="argument">&quot;gobinathm&quot;</span> and <span class="argument">&quot;@Gobi61995&quot;</span></span>

  <span class="lead-duration duration">0.284</span>

</div>
















      </div>
      <div class="step">


<div class="brief step-name-And passed">
  <span class="keyword indention">And</span>
  <span class="name">User clicks on Login button</span>

  <span class="lead-duration duration">0.755</span>

</div>
















      </div>
      <div class="step">


<div class="brief step-name-When passed">
  <span class="keyword indention">When</span>
  <span class="name">User enters Location <span class="argument">&quot;Paris&quot;</span> and Hotel <span class="argument">&quot;Hotel Creek&quot;</span> and Room Type <span class="argument">&quot;Double&quot;</span> and Number of Rooms<span class="argument">&quot;2&quot;</span> and CheckIn <span class="argument">&quot;13/05/2021&quot;</span> and CheckOut<span class="argument">&quot;15/05/2021&quot;</span> and Adult<span class="argument">&quot;1 - One&quot;</span> and Child <span class="argument">&quot;0 - None&quot;</span></span>

  <span class="lead-duration duration">1.208</span>

</div>
















      </div>
      <div class="step">


<div class="brief step-name-And passed">
  <span class="keyword indention">And</span>
  <span class="name">User clicks on Submit button</span>

  <span class="lead-duration duration">0.441</span>

</div>
















      </div>
      <div class="step">


<div class="brief step-name-And passed">
  <span class="keyword indention">And</span>
  <span class="name">User clicks on Radio button</span>

  <span class="lead-duration duration">0.600</span>

</div>
















      </div>
      <div class="step">


<div class="brief step-name-When passed">
  <span class="keyword indention">When</span>
  <span class="name">User enters FirstName<span class="argument">&quot;Jack&quot;</span> and LaseName<span class="argument">&quot;Daniels&quot;</span> and Address<span class="argument">&quot;HongKong&quot;</span> and CreditCardNum<span class="argument">&quot;1234567898765432&quot;</span> and CreditCardType<span class="argument">&quot;VISA&quot;</span> and ExpMnth<span class="argument">&quot;January&quot;</span> and ExpYear<span class="argument">&quot;2022&quot;</span> and Cvv<span class="argument">&quot;234&quot;</span></span>

  <span class="lead-duration duration">1.119</span>

</div>
















      </div>
      <div class="step">


<div class="brief step-name-And passed">
  <span class="keyword indention">And</span>
  <span class="name">User clicks on BookNow button</span>

  <span class="lead-duration duration">0.107</span>

</div>
















      </div>
      <div class="step">


<div class="brief step-name-Then failed">
  <span class="keyword indention">Then</span>
  <span class="name">User need to validate the booking number</span>

  <span class="lead-duration duration">5.477</span>

</div>






  <div class="inner-level">
    <div class="message indention">
      <div data-toggle="collapse" class=" collapsable-control" data-target="#msg-36">
          <a>java.lang.AssertionError:</a>
      </div>
      <div id="msg-36" class="collapse collapsable-details  in ">
        <pre>java.lang.AssertionError: expected [012345] but found [BDKTWRZQU9]
	at org.testng.Assert.fail(Assert.java:96)
	at org.testng.Assert.failNotEquals(Assert.java:776)
	at org.testng.Assert.assertEqualsImpl(Assert.java:137)
	at org.testng.Assert.assertEquals(Assert.java:118)
	at org.testng.Assert.assertEquals(Assert.java:453)
	at org.testng.Assert.assertEquals(Assert.java:463)
	at org.stepdef.StepDefinition.user_need_to_validate_the_booking_number(StepDefinition.java:79)
	at &#10045;.User need to validate the booking number(src/main/resources/feature1.feature:14)
</pre>
      </div>
    </div>
  </div>











      </div>
  </div>
</div>





  </div>
</div>


<div class="element">
    <div class="indention">
      <b>Feature:</b>
      <a href="report-feature_4142325911.html">Validating Booking Function of adactin Application</a>
    </div>


<div class="tags indention">
    <b>Tags:</b>
       <a href="report-tag_2209767278.html">@gobi</a>
       <a href="report-tag_2059756147.html">@data=TC_1</a>
</div>


  <span class="lead-duration duration">10.348</span>


  <span data-toggle="collapse" class=" collapsable-control" data-target="#element-37">

<div class="brief failed">
  <span class="keyword indention">Scenario Outline</span>
  <span class="name">Validating the booking module in adactin Hotels page</span>


     <i class="chevron fa fa-fw"></i>
</div>

  </span>
  <div class="description indention"></div>

  <div id="element-37" class="collapse collapsable-details  in ">





<div class="steps inner-level">
  <div data-toggle="collapse" class=" collapsable-control" data-target="#steps-38">

<div class="brief failed">
  <span class="keyword indention">Steps</span>
  <span class="name"></span>


     <i class="chevron fa fa-fw"></i>
</div>

  </div>

  <div id="steps-38" class="inner-level collapse collapsable-details  in ">
      <div class="step">


<div class="brief step-name-Given passed">
  <span class="keyword indention">Given</span>
  <span class="name">User is on adactin login page</span>

  <span class="lead-duration duration">0.416</span>

</div>
















      </div>
      <div class="step">


<div class="brief step-name-When passed">
  <span class="keyword indention">When</span>
  <span class="name">User entering the Username <span class="argument">&quot;gobinathm&quot;</span> and <span class="argument">&quot;@Gobi61995&quot;</span></span>

  <span class="lead-duration duration">0.257</span>

</div>
















      </div>
      <div class="step">


<div class="brief step-name-And passed">
  <span class="keyword indention">And</span>
  <span class="name">User clicks on Login button</span>

  <span class="lead-duration duration">0.619</span>

</div>
















      </div>
      <div class="step">


<div class="brief step-name-When passed">
  <span class="keyword indention">When</span>
  <span class="name">User enters Location <span class="argument">&quot;London&quot;</span> and Hotel <span class="argument">&quot;Hotel Cornice&quot;</span> and Room Type <span class="argument">&quot;Super Deluxe&quot;</span> and Number of Rooms<span class="argument">&quot;2&quot;</span> and CheckIn <span class="argument">&quot;13/05/2021&quot;</span> and CheckOut<span class="argument">&quot;15/05/2021&quot;</span> and Adult<span class="argument">&quot;1 - One&quot;</span> and Child <span class="argument">&quot;0 - None&quot;</span></span>

  <span class="lead-duration duration">1.152</span>

</div>
















      </div>
      <div class="step">


<div class="brief step-name-And passed">
  <span class="keyword indention">And</span>
  <span class="name">User clicks on Submit button</span>

  <span class="lead-duration duration">0.488</span>

</div>
















      </div>
      <div class="step">


<div class="brief step-name-And passed">
  <span class="keyword indention">And</span>
  <span class="name">User clicks on Radio button</span>

  <span class="lead-duration duration">0.695</span>

</div>
















      </div>
      <div class="step">


<div class="brief step-name-When passed">
  <span class="keyword indention">When</span>
  <span class="name">User enters FirstName<span class="argument">&quot;Jack&quot;</span> and LaseName<span class="argument">&quot;Daniels&quot;</span> and Address<span class="argument">&quot;HongKong&quot;</span> and CreditCardNum<span class="argument">&quot;1234567898765432&quot;</span> and CreditCardType<span class="argument">&quot;VISA&quot;</span> and ExpMnth<span class="argument">&quot;January&quot;</span> and ExpYear<span class="argument">&quot;2022&quot;</span> and Cvv<span class="argument">&quot;234&quot;</span></span>

  <span class="lead-duration duration">1.132</span>

</div>
















      </div>
      <div class="step">


<div class="brief step-name-And passed">
  <span class="keyword indention">And</span>
  <span class="name">User clicks on BookNow button</span>

  <span class="lead-duration duration">0.094</span>

</div>
















      </div>
      <div class="step">


<div class="brief step-name-Then failed">
  <span class="keyword indention">Then</span>
  <span class="name">User need to validate the booking number</span>

  <span class="lead-duration duration">5.491</span>

</div>






  <div class="inner-level">
    <div class="message indention">
      <div data-toggle="collapse" class=" collapsable-control" data-target="#msg-39">
          <a>java.lang.AssertionError:</a>
      </div>
      <div id="msg-39" class="collapse collapsable-details  in ">
        <pre>java.lang.AssertionError: expected [012345] but found [L0B0G77OIY]
	at org.testng.Assert.fail(Assert.java:96)
	at org.testng.Assert.failNotEquals(Assert.java:776)
	at org.testng.Assert.assertEqualsImpl(Assert.java:137)
	at org.testng.Assert.assertEquals(Assert.java:118)
	at org.testng.Assert.assertEquals(Assert.java:453)
	at org.testng.Assert.assertEquals(Assert.java:463)
	at org.stepdef.StepDefinition.user_need_to_validate_the_booking_number(StepDefinition.java:79)
	at &#10045;.User need to validate the booking number(src/main/resources/feature1.feature:14)
</pre>
      </div>
    </div>
  </div>











      </div>
  </div>
</div>





  </div>
</div>


      </div>
    </div>
  </div>
</div>


<div class="container-fluid">
  <div class="row">
    <div class="col-md-1 col-md-offset-10">
      <i class="fa fa-chevron-circle-down fa-2x collapsable-control"
        onClick="javascript:$('#report .collapsable-details').collapse('show')"></i>
      <i class="fa fa-chevron-circle-up fa-2x collapsable-control"
        onClick="javascript:$('#report .collapsable-details').collapse('hide')"></i>
    </div>
  </div>
</div>

<br/>

<nav class="navbar navbar-default" id="footer">
  <div class="container-fluid">
    <p class="navbar-text navbar-right">
        <small>generate Cucumber HTML reports via:&nbsp;</small>
        <a class="navbar-link" href="https://github.com/jenkinsci/cucumber-reports-plugin">Jenkins Plugin</a> |
        <a class="navbar-link" href="https://github.com/damianszczepanik/cucumber-reporting">Standalone</a> |
        <a class="navbar-link" href="https://github.com/damianszczepanik/cucumber-sandwich">Sandwich</a> |
        <a class="navbar-link" href="https://github.com/damianszczepanik/maven-cucumber-reporting">Maven</a>
        &nbsp;&nbsp;
    </p>
  </div>
</nav>

</body>
</html>
